C:\USERS\ZHIMIN\DESKTOP\HW2\DEFORMABLE_BODY_SIM\X64\RELEASE\ANTTWEAKBAR_WRAPPER.OBJ
C:\USERS\ZHIMIN\DESKTOP\HW2\DEFORMABLE_BODY_SIM\X64\RELEASE\CAMERA.OBJ
C:\Users\Zhimin\Desktop\HW2\deformable_body_sim\x64\Release\cl.command.1.tlog
C:\Users\Zhimin\Desktop\HW2\deformable_body_sim\x64\Release\CL.read.1.tlog
C:\Users\Zhimin\Desktop\HW2\deformable_body_sim\x64\Release\CL.write.1.tlog
C:\USERS\ZHIMIN\DESKTOP\HW2\DEFORMABLE_BODY_SIM\X64\RELEASE\CONSTRAINT.OBJ
C:\USERS\ZHIMIN\DESKTOP\HW2\DEFORMABLE_BODY_SIM\X64\RELEASE\DEFORMABLE_BODY.EXE.INTERMEDIATE.MANIFEST
C:\Users\Zhimin\Desktop\HW2\deformable_body_sim\x64\Release\deformable_body.write.1.tlog
C:\Users\Zhimin\Desktop\HW2\deformable_body_sim\x64\Release\fast_mass_spring.vcxprojResolveAssemblyReference.cache
C:\USERS\ZHIMIN\DESKTOP\HW2\DEFORMABLE_BODY_SIM\X64\RELEASE\FPS.OBJ
C:\USERS\ZHIMIN\DESKTOP\HW2\DEFORMABLE_BODY_SIM\X64\RELEASE\GLSL_WRAPPER.OBJ
C:\USERS\ZHIMIN\DESKTOP\HW2\DEFORMABLE_BODY_SIM\X64\RELEASE\IO_MESH.OBJ
C:\USERS\ZHIMIN\DESKTOP\HW2\DEFORMABLE_BODY_SIM\X64\RELEASE\KDTREE.OBJ
C:\Users\Zhimin\Desktop\HW2\deformable_body_sim\x64\Release\link.command.1.tlog
C:\Users\Zhimin\Desktop\HW2\deformable_body_sim\x64\Release\link.read.1.tlog
C:\Users\Zhimin\Desktop\HW2\deformable_body_sim\x64\Release\link.write.1.tlog
C:\USERS\ZHIMIN\DESKTOP\HW2\DEFORMABLE_BODY_SIM\X64\RELEASE\MAIN.OBJ
C:\USERS\ZHIMIN\DESKTOP\HW2\DEFORMABLE_BODY_SIM\X64\RELEASE\MATH_HEADERS.OBJ
C:\USERS\ZHIMIN\DESKTOP\HW2\DEFORMABLE_BODY_SIM\X64\RELEASE\MESH.OBJ
C:\Users\Zhimin\Desktop\HW2\deformable_body_sim\x64\Release\mt.command.1.tlog
C:\Users\Zhimin\Desktop\HW2\deformable_body_sim\x64\Release\mt.read.1.tlog
C:\Users\Zhimin\Desktop\HW2\deformable_body_sim\x64\Release\mt.write.1.tlog
C:\USERS\ZHIMIN\DESKTOP\HW2\DEFORMABLE_BODY_SIM\X64\RELEASE\PRIMITIVE.OBJ
C:\USERS\ZHIMIN\DESKTOP\HW2\DEFORMABLE_BODY_SIM\X64\RELEASE\SCENE.OBJ
C:\USERS\ZHIMIN\DESKTOP\HW2\DEFORMABLE_BODY_SIM\X64\RELEASE\SIMULATION.OBJ
C:\USERS\ZHIMIN\DESKTOP\HW2\DEFORMABLE_BODY_SIM\X64\RELEASE\STB_IMAGE.OBJ
C:\USERS\ZHIMIN\DESKTOP\HW2\DEFORMABLE_BODY_SIM\X64\RELEASE\STB_IMAGE_WRITE.OBJ
C:\USERS\ZHIMIN\DESKTOP\HW2\DEFORMABLE_BODY_SIM\X64\RELEASE\VC100.PDB
C:\USERS\ZHIMIN\DESKTOP\HW2\X64\RELEASE\DEFORMABLE_BODY.EXE
C:\USERS\ZHIMIN\DESKTOP\HW2\X64\RELEASE\DEFORMABLE_BODY.PDB
